<?xml version="1.0" encoding="UTF-8"?><testsuite name="nosetests" tests="15" errors="0" failures="0" skip="0"><testcase classname="test.TestJsonEdit" name="test_JsonEdit" time="0.000"><system-out><![CDATA[expected string or bytes-like object
expected string or bytes-like object
expected string or bytes-like object
expected string or bytes-like object
]]></system-out></testcase><testcase classname="test.TestJsonEdit" name="test_beforeEqualsAndAfterEquals" time="0.000"></testcase><testcase classname="test.TestJsonEdit" name="test_beforeForwardSlashAndafterBackSlash" time="0.000"></testcase><testcase classname="test.TestJsonEdit" name="test_twoColumns" time="0.000"></testcase><testcase classname="test.TestJsonFormattedLinuxCommands" name="test_Env" time="0.004"></testcase><testcase classname="test.TestJsonFormattedLinuxCommands" name="test_Firmware" time="0.000"></testcase><testcase classname="test.TestJsonFormattedLinuxCommands" name="test_Hardware" time="0.072"></testcase><testcase classname="test.TestJsonFormattedLinuxCommands" name="test_Hostname_Startup" time="0.007"></testcase><testcase classname="test.TestJsonFormattedLinuxCommands" name="test_MountedDrivers_MappedNetworks" time="0.007"></testcase><testcase classname="test.TestJsonFormattedLinuxCommands" name="test_Services" time="1.368"></testcase><testcase classname="test.TestJsonFormattedLinuxCommands" name="test_Software" time="2.231"></testcase><testcase classname="test.TestOsCheck" name="test_os" time="0.167"><system-out><![CDATA[Linux

{'Hardware': {'CPU info': {'processor': ' 1', 'vendor_id': ' GenuineIntel', 'cpu family': ' 6', 'model': ' 79', 'model name': ' Intel(R) Xeon(R) CPU E5-2630 v4 @ 2.20GHz', 'stepping': ' 1', 'microcode': ' 0xb000017', 'cpu MHz': ' 2199.998', 'cache size': ' 25600 KB', 'physical id': ' 2', 'siblings': ' 1', 'core id': ' 0', 'cpu cores': ' 1', 'apicid': ' 2', 'initial apicid': ' 2', 'fpu': ' yes', 'fpu_exception': ' yes', 'cpuid level': ' 20', 'wp': ' yes', 'flags': ' fpu vme de pse tsc msr pae mce cx8 apic sep mtrr pge mca cmov pat pse36 clflush dts mmx fxsr sse sse2 ss syscall nx pdpe1gb rdtscp lm constant_tsc arch_perfmon pebs bts nopl xtopology tsc_reliable nonstop_tsc cpuid aperfmperf pni pclmulqdq ssse3 fma cx16 pcid sse4_1 sse4_2 x2apic movbe popcnt tsc_deadline_timer aes xsave avx f16c rdrand hypervisor lahf_lm abm 3dnowprefetch cpuid_fault epb invpcid_single pti fsgsbase tsc_adjust bmi1 hle avx2 smep bmi2 invpcid rtm rdseed adx smap xsaveopt dtherm ida arat pln pts', 'bugs': ' cpu_meltdown spectre_v1 spectre_v2 spec_store_bypass l1tf mds swapgs taa itlb_multihit', 'bogomips': ' 4399.99', 'clflush size': ' 64', 'cache_alignment': ' 64', 'address sizes': ' 42 bits physical, 48 bits virtual', '': ''}, 'Virtual File System': {'sysfs': '/sys sysfs rw,nosuid,nodev,noexec,relatime 0 0', 'proc': '/proc proc rw,nosuid,nodev,noexec,relatime 0 0', 'udev': '/dev devtmpfs rw,nosuid,relatime,size=8181632k,nr_inodes=2045408,mode=755 0 0', 'devpts': '/dev/pts devpts rw,nosuid,noexec,relatime,gid=5,mode=620,ptmxmode=000 0 0', 'tmpfs': '/run/user/1000 tmpfs rw,nosuid,nodev,relatime,size=1642608k,mode=700,uid=1000,gid=1000 0 0', '/dev/sda2': '/dev/sda2 / ext4 rw,relatime,data=ordered 0 0', 'securityfs': '/sys/kernel/security securityfs rw,nosuid,nodev,noexec,relatime 0 0', 'cgroup': '/sys/fs/cgroup/pids cgroup rw,nosuid,nodev,noexec,relatime,pids 0 0', 'pstore': '/sys/fs/pstore pstore rw,nosuid,nodev,noexec,relatime 0 0', 'systemd-1': '/proc/sys/fs/binfmt_misc autofs rw,relatime,fd=26,pgrp=1,timeout=0,minproto=5,maxproto=5,direct,pipe_ino=14546 0 0', 'mqueue': '/dev/mqueue mqueue rw,relatime 0 0', 'debugfs': '/sys/kernel/debug debugfs rw,relatime 0 0', 'hugetlbfs': '/dev/hugepages hugetlbfs rw,relatime,pagesize=2M 0 0', 'fusectl': '/sys/fs/fuse/connections fusectl rw,relatime 0 0', 'configfs': '/sys/kernel/config configfs rw,relatime 0 0', '/dev/loop1': '/dev/loop1 /snap/core/8268 squashfs ro,nodev,relatime 0 0', '/dev/loop0': '/dev/loop0 /snap/core/8213 squashfs ro,nodev,relatime 0 0', '/dev/loop2': '/dev/loop2 /snap/zaproxy/4 squashfs ro,nodev,relatime 0 0', 'lxcfs': '/var/lib/lxcfs fuse.lxcfs rw,nosuid,nodev,relatime,user_id=0,group_id=0,allow_other 0 0', 'overlay': '/var/lib/docker/overlay2/95cf6795cb099ed2be5cd68a9397254d9224c048c3270557aad7501697c356b3/merged overlay rw,relatime,lowerdir=/var/lib/docker/overlay2/l/SFWH66OAUTPVN6EI2OQL6G6GTM:/var/lib/docker/overlay2/l/UHCMLV75ZTWTDNXZK2GO4OLXTD:/var/lib/docker/overlay2/l/D6U67EUPZH2AWXMML4ZT7ZOB22:/var/lib/docker/overlay2/l/4UN2F4KK7BQ7QFIO6B7WGE5ZZE:/var/lib/docker/overlay2/l/G7REE6MKZEU2RDQGZNUCGMHRY6:/var/lib/docker/overlay2/l/BNNAYCUHCKRDW7DICKOZNYQT2I:/var/lib/docker/overlay2/l/CUFNND4C5VFTHUWRGEB2ZJNQQT:/var/lib/docker/overlay2/l/EKXFZEB7N7JKGVVSVMDFJ4PZEI:/var/lib/docker/overlay2/l/2YV4UADW2R2MO3KAJKGPI64YQD:/var/lib/docker/overlay2/l/XLZIWZEI34VYDSQF2C3MSGKHMA:/var/lib/docker/overlay2/l/OVNVLGEE3ZQUCHUX264KG7G4Q3:/var/lib/docker/overlay2/l/CTFXVFEROAMX7RYJZ7INKGKQ7I:/var/lib/docker/overlay2/l/AUHX5RJHSFH3DAPAME4HRW73QD:/var/lib/docker/overlay2/l/4HWC3MN7ALYN7GVG5BFAY4IGNE,upperdir=/var/lib/docker/overlay2/95cf6795cb099ed2be5cd68a9397254d9224c048c3270557aad7501697c356b3/diff,workdir=/var/lib/docker/overlay2/95cf6795cb099ed2be5cd68a9397254d9224c048c3270557aad7501697c356b3/work 0 0', 'nsfs': '/run/docker/netns/ad6ff6d0f493 nsfs rw 0 0', 'binfmt_misc': '/proc/sys/fs/binfmt_misc binfmt_misc rw,relatime 0 0', '/dev/loop3': '/dev/loop3 /snap/zaproxy/5 squashfs ro,nodev,relatime 0 0', '': ''}, 'Memory': {'': '              total        used        free      shared  buff/cache   available', 'Mem': '       16426084     8076700      450864       69884     7898520     7976580', 'Swap': '       4194300     1370624     2823676'}}, 'Hostname_Startup': {'Lists the host name': 'sidero-dev-02'}, 'Env()': {'Lists environmental variables': {'JENKINS_HOME': '/var/lib/jenkins', 'MAIL': '/var/mail/jenkins', 'USER': 'jenkins', 'RUN_CHANGES_DISPLAY_URLhttp://192.168.50.36:8080/jenkins/job/SysInfo_Python/57/display/redirect?page': 'http://192.168.50.36:8080/jenkins/job/SysInfo_Python/57/display/redirect?pagechanges', 'NODE_LABELS': 'master', 'HUDSON_URL': 'http://192.168.50.36:8080/jenkins/', 'SHLVL': '1', 'HOME': '/var/lib/jenkins', 'BUILD_URL': 'http://192.168.50.36:8080/jenkins/job/SysInfo_Python/57/', 'HUDSON_COOKIE': '13a1f83e-9c75-4c1f-a4e9-acee3e232ffb', 'GRADLE_HOME': '/opt/gradle/gradle-5.2.1', 'JENKINS_SERVER_COOKIE': 'durable-5831cea8d902ceb604ad7cf3235516cb', 'MAVEN_HOME': '/opt/maven', 'GOROOT': '/usr/local/go', 'WORKSPACE': '/var/lib/jenkins/workspace/SysInfo_Python', 'LOGNAME': 'jenkins', 'NODE_NAME': 'master', '_': '/usr/bin/daemon', 'STAGE_NAME': 'Run tests', 'EXECUTOR_NUMBER': '1', 'XDG_SESSION_ID': 'c1', 'BUILD_DISPLAY_NAME': '#57', 'HUDSON_HOME': '/var/lib/jenkins', 'JOB_BASE_NAME': 'SysInfo_Python', 'PATH': '/var/lib/jenkins/Projects/Proj1/bin:/usr/local/go/bin:/opt/maven/bin:/opt/gradle/gradle-5.2.1/bin:/usr/local/sbin:/usr/local/bin:/usr/sbin:/usr/bin:/sbin:/bin:/usr/games:/usr/local/games:/snap/bin', 'BUILD_ID': '57', 'S_COLORS': 'auto', 'XDG_RUNTIME_DIR': '/run/user/111', 'BUILD_TAG': 'jenkins-SysInfo_Python-57', 'LANG': 'en_US.UTF-8', 'JENKINS_URL': 'http://192.168.50.36:8080/jenkins/', 'SONAR_RUNNER_HOME': '/opt/sonarscanner', 'JOB_URL': 'http://192.168.50.36:8080/jenkins/job/SysInfo_Python/', 'ZAPROXY_HOME': '/opt/ZAP_2.8.0', 'BUILD_NUMBER': '57', 'JENKINS_NODE_COOKIE': '59c357f2-5eb4-49a7-8c0c-cf6b5c98ab48', 'SHELL': '/bin/bash', 'GOPATH': '/var/lib/jenkins/Projects/Proj1', 'RUN_DISPLAY_URL': 'http://192.168.50.36:8080/jenkins/job/SysInfo_Python/57/display/redirect', 'go': '/usr/local/go/bin', 'HUDSON_SERVER_COOKIE': 'a936890ff9ea60b7', 'JOB_DISPLAY_URL': 'http://192.168.50.36:8080/jenkins/job/SysInfo_Python/display/redirect', 'JOB_NAME': 'SysInfo_Python', 'JAVA_HOME': '/usr/lib/jvm/java-8-openjdk-amd64', 'PWD': '/var/lib/jenkins/workspace/SysInfo_Python', 'XDG_DATA_DIRS': '/usr/local/share:/usr/share:/var/lib/snapd/desktop', 'M2_HOME': '/opt/maven/.m2', '': ''}}}
{
    "Hardware": {
        "CPU info": {
            "processor": " 1",
            "vendor_id": " GenuineIntel",
            "cpu family": " 6",
            "model": " 79",
            "model name": " Intel(R) Xeon(R) CPU E5-2630 v4 @ 2.20GHz",
            "stepping": " 1",
            "microcode": " 0xb000017",
            "cpu MHz": " 2199.998",
            "cache size": " 25600 KB",
            "physical id": " 2",
            "siblings": " 1",
            "core id": " 0",
            "cpu cores": " 1",
            "apicid": " 2",
            "initial apicid": " 2",
            "fpu": " yes",
            "fpu_exception": " yes",
            "cpuid level": " 20",
            "wp": " yes",
            "flags": " fpu vme de pse tsc msr pae mce cx8 apic sep mtrr pge mca cmov pat pse36 clflush dts mmx fxsr sse sse2 ss syscall nx pdpe1gb rdtscp lm constant_tsc arch_perfmon pebs bts nopl xtopology tsc_reliable nonstop_tsc cpuid aperfmperf pni pclmulqdq ssse3 fma cx16 pcid sse4_1 sse4_2 x2apic movbe popcnt tsc_deadline_timer aes xsave avx f16c rdrand hypervisor lahf_lm abm 3dnowprefetch cpuid_fault epb invpcid_single pti fsgsbase tsc_adjust bmi1 hle avx2 smep bmi2 invpcid rtm rdseed adx smap xsaveopt dtherm ida arat pln pts",
            "bugs": " cpu_meltdown spectre_v1 spectre_v2 spec_store_bypass l1tf mds swapgs taa itlb_multihit",
            "bogomips": " 4399.99",
            "clflush size": " 64",
            "cache_alignment": " 64",
            "address sizes": " 42 bits physical, 48 bits virtual",
            "": ""
        },
        "Virtual File System": {
            "sysfs": "/sys sysfs rw,nosuid,nodev,noexec,relatime 0 0",
            "proc": "/proc proc rw,nosuid,nodev,noexec,relatime 0 0",
            "udev": "/dev devtmpfs rw,nosuid,relatime,size=8181632k,nr_inodes=2045408,mode=755 0 0",
            "devpts": "/dev/pts devpts rw,nosuid,noexec,relatime,gid=5,mode=620,ptmxmode=000 0 0",
            "tmpfs": "/run/user/1000 tmpfs rw,nosuid,nodev,relatime,size=1642608k,mode=700,uid=1000,gid=1000 0 0",
            "/dev/sda2": "/dev/sda2 / ext4 rw,relatime,data=ordered 0 0",
            "securityfs": "/sys/kernel/security securityfs rw,nosuid,nodev,noexec,relatime 0 0",
            "cgroup": "/sys/fs/cgroup/pids cgroup rw,nosuid,nodev,noexec,relatime,pids 0 0",
            "pstore": "/sys/fs/pstore pstore rw,nosuid,nodev,noexec,relatime 0 0",
            "systemd-1": "/proc/sys/fs/binfmt_misc autofs rw,relatime,fd=26,pgrp=1,timeout=0,minproto=5,maxproto=5,direct,pipe_ino=14546 0 0",
            "mqueue": "/dev/mqueue mqueue rw,relatime 0 0",
            "debugfs": "/sys/kernel/debug debugfs rw,relatime 0 0",
            "hugetlbfs": "/dev/hugepages hugetlbfs rw,relatime,pagesize=2M 0 0",
            "fusectl": "/sys/fs/fuse/connections fusectl rw,relatime 0 0",
            "configfs": "/sys/kernel/config configfs rw,relatime 0 0",
            "/dev/loop1": "/dev/loop1 /snap/core/8268 squashfs ro,nodev,relatime 0 0",
            "/dev/loop0": "/dev/loop0 /snap/core/8213 squashfs ro,nodev,relatime 0 0",
            "/dev/loop2": "/dev/loop2 /snap/zaproxy/4 squashfs ro,nodev,relatime 0 0",
            "lxcfs": "/var/lib/lxcfs fuse.lxcfs rw,nosuid,nodev,relatime,user_id=0,group_id=0,allow_other 0 0",
            "overlay": "/var/lib/docker/overlay2/95cf6795cb099ed2be5cd68a9397254d9224c048c3270557aad7501697c356b3/merged overlay rw,relatime,lowerdir=/var/lib/docker/overlay2/l/SFWH66OAUTPVN6EI2OQL6G6GTM:/var/lib/docker/overlay2/l/UHCMLV75ZTWTDNXZK2GO4OLXTD:/var/lib/docker/overlay2/l/D6U67EUPZH2AWXMML4ZT7ZOB22:/var/lib/docker/overlay2/l/4UN2F4KK7BQ7QFIO6B7WGE5ZZE:/var/lib/docker/overlay2/l/G7REE6MKZEU2RDQGZNUCGMHRY6:/var/lib/docker/overlay2/l/BNNAYCUHCKRDW7DICKOZNYQT2I:/var/lib/docker/overlay2/l/CUFNND4C5VFTHUWRGEB2ZJNQQT:/var/lib/docker/overlay2/l/EKXFZEB7N7JKGVVSVMDFJ4PZEI:/var/lib/docker/overlay2/l/2YV4UADW2R2MO3KAJKGPI64YQD:/var/lib/docker/overlay2/l/XLZIWZEI34VYDSQF2C3MSGKHMA:/var/lib/docker/overlay2/l/OVNVLGEE3ZQUCHUX264KG7G4Q3:/var/lib/docker/overlay2/l/CTFXVFEROAMX7RYJZ7INKGKQ7I:/var/lib/docker/overlay2/l/AUHX5RJHSFH3DAPAME4HRW73QD:/var/lib/docker/overlay2/l/4HWC3MN7ALYN7GVG5BFAY4IGNE,upperdir=/var/lib/docker/overlay2/95cf6795cb099ed2be5cd68a9397254d9224c048c3270557aad7501697c356b3/diff,workdir=/var/lib/docker/overlay2/95cf6795cb099ed2be5cd68a9397254d9224c048c3270557aad7501697c356b3/work 0 0",
            "nsfs": "/run/docker/netns/ad6ff6d0f493 nsfs rw 0 0",
            "binfmt_misc": "/proc/sys/fs/binfmt_misc binfmt_misc rw,relatime 0 0",
            "/dev/loop3": "/dev/loop3 /snap/zaproxy/5 squashfs ro,nodev,relatime 0 0",
            "": ""
        },
        "Memory": {
            "": "              total        used        free      shared  buff/cache   available",
            "Mem": "       16426084     8076700      450864       69884     7898520     7976580",
            "Swap": "       4194300     1370624     2823676"
        }
    },
    "Hostname_Startup": {
        "Lists the host name": "sidero-dev-02"
    },
    "Env()": {
        "Lists environmental variables": {
            "JENKINS_HOME": "/var/lib/jenkins",
            "MAIL": "/var/mail/jenkins",
            "USER": "jenkins",
            "RUN_CHANGES_DISPLAY_URLhttp://192.168.50.36:8080/jenkins/job/SysInfo_Python/57/display/redirect?page": "http://192.168.50.36:8080/jenkins/job/SysInfo_Python/57/display/redirect?pagechanges",
            "NODE_LABELS": "master",
            "HUDSON_URL": "http://192.168.50.36:8080/jenkins/",
            "SHLVL": "1",
            "HOME": "/var/lib/jenkins",
            "BUILD_URL": "http://192.168.50.36:8080/jenkins/job/SysInfo_Python/57/",
            "HUDSON_COOKIE": "13a1f83e-9c75-4c1f-a4e9-acee3e232ffb",
            "GRADLE_HOME": "/opt/gradle/gradle-5.2.1",
            "JENKINS_SERVER_COOKIE": "durable-5831cea8d902ceb604ad7cf3235516cb",
            "MAVEN_HOME": "/opt/maven",
            "GOROOT": "/usr/local/go",
            "WORKSPACE": "/var/lib/jenkins/workspace/SysInfo_Python",
            "LOGNAME": "jenkins",
            "NODE_NAME": "master",
            "_": "/usr/bin/daemon",
            "STAGE_NAME": "Run tests",
            "EXECUTOR_NUMBER": "1",
            "XDG_SESSION_ID": "c1",
            "BUILD_DISPLAY_NAME": "#57",
            "HUDSON_HOME": "/var/lib/jenkins",
            "JOB_BASE_NAME": "SysInfo_Python",
            "PATH": "/var/lib/jenkins/Projects/Proj1/bin:/usr/local/go/bin:/opt/maven/bin:/opt/gradle/gradle-5.2.1/bin:/usr/local/sbin:/usr/local/bin:/usr/sbin:/usr/bin:/sbin:/bin:/usr/games:/usr/local/games:/snap/bin",
            "BUILD_ID": "57",
            "S_COLORS": "auto",
            "XDG_RUNTIME_DIR": "/run/user/111",
            "BUILD_TAG": "jenkins-SysInfo_Python-57",
            "LANG": "en_US.UTF-8",
            "JENKINS_URL": "http://192.168.50.36:8080/jenkins/",
            "SONAR_RUNNER_HOME": "/opt/sonarscanner",
            "JOB_URL": "http://192.168.50.36:8080/jenkins/job/SysInfo_Python/",
            "ZAPROXY_HOME": "/opt/ZAP_2.8.0",
            "BUILD_NUMBER": "57",
            "JENKINS_NODE_COOKIE": "59c357f2-5eb4-49a7-8c0c-cf6b5c98ab48",
            "SHELL": "/bin/bash",
            "GOPATH": "/var/lib/jenkins/Projects/Proj1",
            "RUN_DISPLAY_URL": "http://192.168.50.36:8080/jenkins/job/SysInfo_Python/57/display/redirect",
            "go": "/usr/local/go/bin",
            "HUDSON_SERVER_COOKIE": "a936890ff9ea60b7",
            "JOB_DISPLAY_URL": "http://192.168.50.36:8080/jenkins/job/SysInfo_Python/display/redirect",
            "JOB_NAME": "SysInfo_Python",
            "JAVA_HOME": "/usr/lib/jvm/java-8-openjdk-amd64",
            "PWD": "/var/lib/jenkins/workspace/SysInfo_Python",
            "XDG_DATA_DIRS": "/usr/local/share:/usr/share:/var/lib/snapd/desktop",
            "M2_HOME": "/opt/maven/.m2",
            "": ""
        }
    }
}

]]></system-out></testcase><testcase classname="test.TestOsCommands" name="test_command2" time="0.004"></testcase><testcase classname="test.TestOsCommands" name="test_commandLinux" time="0.006"></testcase><testcase classname="test.TestOsCommands" name="test_commandWin" time="0.005"></testcase></testsuite>